Script started at Mon Dec 23 18:18:00 KST 2024
Virtual environment activated
ì˜¤ëŠ˜ì˜ í€´ì¦ˆ 10ë¬¸ì œê°€ ìƒì„±ë˜ì—ˆìŠµë‹ˆë‹¤.
Script finished at Mon Dec 23 18:18:15 KST 2024
Script started at 2024ë…„ 12ì›” 23ì¼ ì›”ìš”ì¼ 18ì‹œ 34ë¶„ 04ì´ˆ KST
Virtual environment activated
ì˜¤ëŠ˜ì˜ í€´ì¦ˆ 10ë¬¸ì œê°€ ìƒì„±ë˜ì—ˆìŠµë‹ˆë‹¤.
Script finished at 2024ë…„ 12ì›” 23ì¼ ì›”ìš”ì¼ 18ì‹œ 34ë¶„ 14ì´ˆ KST
Script started at 2024ë…„ 12ì›” 23ì¼ ì›”ìš”ì¼ 18ì‹œ 36ë¶„ 43ì´ˆ KST
Virtual environment activated
ì˜¤ëŠ˜ì˜ í€´ì¦ˆ 10ë¬¸ì œê°€ ìƒì„±ë˜ì—ˆìŠµë‹ˆë‹¤.
Script finished at 2024ë…„ 12ì›” 23ì¼ ì›”ìš”ì¼ 18ì‹œ 36ë¶„ 53ì´ˆ KST
Script started at 2024ë…„ 12ì›” 23ì¼ ì›”ìš”ì¼ 18ì‹œ 37ë¶„ 06ì´ˆ KST
Virtual environment activated
ì˜¤ëŠ˜ì˜ í€´ì¦ˆëŠ” ì´ë¯¸ ìƒì„±ë˜ì—ˆìŠµë‹ˆë‹¤.
Script finished at 2024ë…„ 12ì›” 23ì¼ ì›”ìš”ì¼ 18ì‹œ 37ë¶„ 07ì´ˆ KST
Script started at 2024ë…„ 12ì›” 23ì¼ ì›”ìš”ì¼ 18ì‹œ 38ë¶„ 21ì´ˆ KST
Virtual environment activated
ì˜¤ëŠ˜ì˜ í€´ì¦ˆ 10ë¬¸ì œê°€ ìƒì„±ë˜ì—ˆìŠµë‹ˆë‹¤.
Script finished at 2024ë…„ 12ì›” 23ì¼ ì›”ìš”ì¼ 18ì‹œ 38ë¶„ 31ì´ˆ KST
Script started at 2024ë…„ 12ì›” 23ì¼ ì›”ìš”ì¼ 18ì‹œ 39ë¶„ 25ì´ˆ KST
Virtual environment activated
2024-12-23
Traceback (most recent call last):
  File "/Users/hyeyeon/Desktop/quiz/mongodb.py", line 117, in <module>
    generate_quizzes_cron()
  File "/Users/hyeyeon/Desktop/quiz/mongodb.py", line 96, in generate_quizzes_cron
    question, answer = generate_quiz()
  File "/Users/hyeyeon/Desktop/quiz/mongodb.py", line 42, in generate_quiz
    response = openai.ChatCompletion.create(
  File "/Users/hyeyeon/Desktop/quiz/quiz/lib/python3.10/site-packages/openai/api_resources/chat_completion.py", line 25, in create
    return super().create(*args, **kwargs)
  File "/Users/hyeyeon/Desktop/quiz/quiz/lib/python3.10/site-packages/openai/api_resources/abstract/engine_api_resource.py", line 153, in create
    response, _, api_key = requestor.request(
  File "/Users/hyeyeon/Desktop/quiz/quiz/lib/python3.10/site-packages/openai/api_requestor.py", line 298, in request
    resp, got_stream = self._interpret_response(result, stream)
  File "/Users/hyeyeon/Desktop/quiz/quiz/lib/python3.10/site-packages/openai/api_requestor.py", line 700, in _interpret_response
    self._interpret_response_line(
  File "/Users/hyeyeon/Desktop/quiz/quiz/lib/python3.10/site-packages/openai/api_requestor.py", line 765, in _interpret_response_line
    raise self.handle_error_response(
openai.error.AuthenticationError: Incorrect API key provided: sk-.... You can find your API key at https://platform.openai.com/account/api-keys.
Script finished at 2024ë…„ 12ì›” 23ì¼ ì›”ìš”ì¼ 18ì‹œ 39ë¶„ 26ì´ˆ KST
Script started at 2024ë…„ 12ì›” 23ì¼ ì›”ìš”ì¼ 18ì‹œ 40ë¶„ 08ì´ˆ KST
Virtual environment activated
2024-12-23
ì˜¤ëŠ˜ì˜ í€´ì¦ˆ 10ë¬¸ì œê°€ ìƒì„±ë˜ì—ˆìŠµë‹ˆë‹¤.
Script finished at 2024ë…„ 12ì›” 23ì¼ ì›”ìš”ì¼ 18ì‹œ 40ë¶„ 19ì´ˆ KST
Script started at 2024ë…„ 12ì›” 23ì¼ ì›”ìš”ì¼ 18ì‹œ 44ë¶„ 48ì´ˆ KST
Virtual environment activated
Traceback (most recent call last):
  File "/Users/hyeyeon/Desktop/quiz/mongodb.py", line 134, in <module>
    question, answer = generate_quiz()
  File "/Users/hyeyeon/Desktop/quiz/mongodb.py", line 85, in generate_quiz
    response = openai.ChatCompletion.create(
  File "/Users/hyeyeon/Desktop/quiz/quiz/lib/python3.10/site-packages/openai/api_resources/chat_completion.py", line 25, in create
    return super().create(*args, **kwargs)
  File "/Users/hyeyeon/Desktop/quiz/quiz/lib/python3.10/site-packages/openai/api_resources/abstract/engine_api_resource.py", line 153, in create
    response, _, api_key = requestor.request(
  File "/Users/hyeyeon/Desktop/quiz/quiz/lib/python3.10/site-packages/openai/api_requestor.py", line 298, in request
    resp, got_stream = self._interpret_response(result, stream)
  File "/Users/hyeyeon/Desktop/quiz/quiz/lib/python3.10/site-packages/openai/api_requestor.py", line 700, in _interpret_response
    self._interpret_response_line(
  File "/Users/hyeyeon/Desktop/quiz/quiz/lib/python3.10/site-packages/openai/api_requestor.py", line 765, in _interpret_response_line
    raise self.handle_error_response(
openai.error.AuthenticationError: Incorrect API key provided: sk-.... You can find your API key at https://platform.openai.com/account/api-keys.
Script finished at 2024ë…„ 12ì›” 23ì¼ ì›”ìš”ì¼ 18ì‹œ 44ë¶„ 49ì´ˆ KST
Script started at 2024ë…„ 12ì›” 23ì¼ ì›”ìš”ì¼ 18ì‹œ 45ë¶„ 44ì´ˆ KST
Virtual environment activated
Traceback (most recent call last):
  File "/Users/hyeyeon/Desktop/quiz/mongodb.py", line 134, in <module>
    question, answer = generate_quiz()
  File "/Users/hyeyeon/Desktop/quiz/mongodb.py", line 85, in generate_quiz
    response = openai.ChatCompletion.create(
  File "/Users/hyeyeon/Desktop/quiz/quiz/lib/python3.10/site-packages/openai/api_resources/chat_completion.py", line 25, in create
    return super().create(*args, **kwargs)
  File "/Users/hyeyeon/Desktop/quiz/quiz/lib/python3.10/site-packages/openai/api_resources/abstract/engine_api_resource.py", line 153, in create
    response, _, api_key = requestor.request(
  File "/Users/hyeyeon/Desktop/quiz/quiz/lib/python3.10/site-packages/openai/api_requestor.py", line 298, in request
    resp, got_stream = self._interpret_response(result, stream)
  File "/Users/hyeyeon/Desktop/quiz/quiz/lib/python3.10/site-packages/openai/api_requestor.py", line 700, in _interpret_response
    self._interpret_response_line(
  File "/Users/hyeyeon/Desktop/quiz/quiz/lib/python3.10/site-packages/openai/api_requestor.py", line 765, in _interpret_response_line
    raise self.handle_error_response(
openai.error.AuthenticationError: Incorrect API key provided: sk-.... You can find your API key at https://platform.openai.com/account/api-keys.
Script finished at 2024ë…„ 12ì›” 23ì¼ ì›”ìš”ì¼ 18ì‹œ 45ë¶„ 46ì´ˆ KST
Script started at 2024ë…„ 12ì›” 23ì¼ ì›”ìš”ì¼ 18ì‹œ 46ë¶„ 22ì´ˆ KST
Virtual environment activated
ì˜¤ëŠ˜ì˜ í€´ì¦ˆ 10ë¬¸ì œê°€ ìƒì„±ë˜ì—ˆìŠµë‹ˆë‹¤.
Script finished at 2024ë…„ 12ì›” 23ì¼ ì›”ìš”ì¼ 18ì‹œ 46ë¶„ 32ì´ˆ KST
Script started at 2024ë…„ 12ì›” 23ì¼ ì›”ìš”ì¼ 18ì‹œ 47ë¶„ 13ì´ˆ KST
Virtual environment activated
2024-12-23
ì˜¤ëŠ˜ì˜ í€´ì¦ˆ 10ë¬¸ì œê°€ ìƒì„±ë˜ì—ˆìŠµë‹ˆë‹¤.
Script finished at 2024ë…„ 12ì›” 23ì¼ ì›”ìš”ì¼ 18ì‹œ 47ë¶„ 23ì´ˆ KST
Script started at 2024ë…„ 12ì›” 23ì¼ ì›”ìš”ì¼ 18ì‹œ 50ë¶„ 32ì´ˆ KST
Virtual environment activated
2024-12-23
ì˜¤ëŠ˜ì˜ í€´ì¦ˆ 10ë¬¸ì œê°€ ìƒì„±ë˜ì—ˆìŠµë‹ˆë‹¤.
Script finished at 2024ë…„ 12ì›” 23ì¼ ì›”ìš”ì¼ 18ì‹œ 50ë¶„ 46ì´ˆ KST
Script started at Tue Dec 24 11:00:00 KST 2024
Virtual environment activated
2024-12-24
ì˜¤ëŠ˜ì˜ í€´ì¦ˆ 10ë¬¸ì œê°€ ìƒì„±ë˜ì—ˆìŠµë‹ˆë‹¤.
Script finished at Tue Dec 24 11:00:14 KST 2024
Script started at Thu Dec 26 09:46:01 KST 2024
Virtual environment activated
2024-12-26
ì˜¤ëŠ˜ì˜ í€´ì¦ˆ 10ë¬¸ì œê°€ ìƒì„±ë˜ì—ˆìŠµë‹ˆë‹¤.
Script finished at Thu Dec 26 09:46:15 KST 2024
Script started at Thu Dec 26 09:55:00 KST 2024
Virtual environment activated
 * Serving Flask app 'mongodb'
 * Debug mode: on
[31m[1mWARNING: This is a development server. Do not use it in a production deployment. Use a production WSGI server instead.[0m
 * Running on http://127.0.0.1:5000
[33mPress CTRL+C to quit[0m
 * Restarting with stat
 * Debugger is active!
 * Debugger PIN: 142-712-141
 * Detected change in '/Users/hyeyeon/Desktop/quiz/mongodb.py', reloading
 * Restarting with stat
2024-12-26
ì˜¤ëŠ˜ì˜ í€´ì¦ˆ 10ë¬¸ì œê°€ ìƒì„±ë˜ì—ˆìŠµë‹ˆë‹¤.
Script finished at Thu Dec 26 09:58:06 KST 2024
Script started at Thu Dec 26 10:05:00 KST 2024
Virtual environment activated
 * Serving Flask app 'mongodb'
 * Debug mode: on
[31m[1mWARNING: This is a development server. Do not use it in a production deployment. Use a production WSGI server instead.[0m
 * Running on http://127.0.0.1:5000
[33mPress CTRL+C to quit[0m
 * Restarting with stat
 * Debugger is active!
 * Debugger PIN: 142-712-141
 * Detected change in '/Users/hyeyeon/Desktop/quiz/mongodb.py', reloading
 * Restarting with stat
 * Debugger is active!
 * Debugger PIN: 142-712-141
Script started at Thu Dec 26 10:09:00 KST 2024
Virtual environment activated
 * Serving Flask app 'mongodb'
 * Debug mode: on
Address already in use
Port 5000 is in use by another program. Either identify and stop that program, or start the server with a different port.
On macOS, try disabling the 'AirPlay Receiver' service from System Preferences -> General -> AirDrop & Handoff.
Script finished at Thu Dec 26 10:09:14 KST 2024
 * Detected change in '/Users/hyeyeon/Desktop/quiz/mongodb.py', reloading
 * Restarting with stat
 * Debugger is active!
 * Debugger PIN: 142-712-141
Script started at Thu Dec 26 10:13:00 KST 2024
Virtual environment activated
 * Serving Flask app 'mongodb'
 * Debug mode: on
[31m[1mWARNING: This is a development server. Do not use it in a production deployment. Use a production WSGI server instead.[0m
 * Running on http://127.0.0.1:5001
[33mPress CTRL+C to quit[0m
 * Restarting with stat
 * Debugger is active!
 * Debugger PIN: 142-712-141
 * Detected change in '/Users/hyeyeon/Desktop/quiz/mongodb.py', reloading
 * Detected change in '/Users/hyeyeon/Desktop/quiz/mongodb.py', reloading
 * Restarting with stat
 * Restarting with stat
huggingface/tokenizers: The current process just got forked, after parallelism has already been used. Disabling parallelism to avoid deadlocks...
huggingface/tokenizers: The current process just got forked, after parallelism has already been used. Disabling parallelism to avoid deadlocks...
To disable this warning, you can either:
To disable this warning, you can either:
	- Avoid using `tokenizers` before the fork if possible
	- Explicitly set the environment variable 	- Avoid using `tokenizers` before the fork if possible
	- Explicitly set the environment variable TOKENIZERS_PARALLELISM=(true | false)
TOKENIZERS_PARALLELISM=(true | false)
í€´ì¦ˆ ìƒì„± ì‹œì‘: 2024-12-26
Traceback (most recent call last):
  File "/Users/hyeyeon/Desktop/quiz/mongodb.py", line 124, in <module>
    generate_quizzes_cron()
  File "/Users/hyeyeon/Desktop/quiz/mongodb.py", line 99, in generate_quizzes_cron
    question, answer = generate_quiz(existing_questions_embeddings)
  File "/Users/hyeyeon/Desktop/quiz/mongodb.py", line 52, in generate_quiz
    response = openai.ChatCompletion.create(
  File "/Users/hyeyeon/Desktop/quiz/quiz/lib/python3.10/site-packages/openai/api_resources/chat_completion.py", line 25, in create
    return super().create(*args, **kwargs)
  File "/Users/hyeyeon/Desktop/quiz/quiz/lib/python3.10/site-packages/openai/api_resources/abstract/engine_api_resource.py", line 153, in create
    response, _, api_key = requestor.request(
  File "/Users/hyeyeon/Desktop/quiz/quiz/lib/python3.10/site-packages/openai/api_requestor.py", line 298, in request
    resp, got_stream = self._interpret_response(result, stream)
  File "/Users/hyeyeon/Desktop/quiz/quiz/lib/python3.10/site-packages/openai/api_requestor.py", line 700, in _interpret_response
    self._interpret_response_line(
  File "/Users/hyeyeon/Desktop/quiz/quiz/lib/python3.10/site-packages/openai/api_requestor.py", line 765, in _interpret_response_line
    raise self.handle_error_response(
openai.error.AuthenticationError: Incorrect API key provided: YOUR_API_KEY. You can find your API key at https://platform.openai.com/account/api-keys.
í€´ì¦ˆ ìƒì„± ì‹œì‘: 2024-12-26
Traceback (most recent call last):
  File "/Users/hyeyeon/Desktop/quiz/mongodb.py", line 124, in <module>
    generate_quizzes_cron()
  File "/Users/hyeyeon/Desktop/quiz/mongodb.py", line 99, in generate_quizzes_cron
    question, answer = generate_quiz(existing_questions_embeddings)
  File "/Users/hyeyeon/Desktop/quiz/mongodb.py", line 52, in generate_quiz
    response = openai.ChatCompletion.create(
  File "/Users/hyeyeon/Desktop/quiz/quiz/lib/python3.10/site-packages/openai/api_resources/chat_completion.py", line 25, in create
    return super().create(*args, **kwargs)
  File "/Users/hyeyeon/Desktop/quiz/quiz/lib/python3.10/site-packages/openai/api_resources/abstract/engine_api_resource.py", line 153, in create
    response, _, api_key = requestor.request(
  File "/Users/hyeyeon/Desktop/quiz/quiz/lib/python3.10/site-packages/openai/api_requestor.py", line 298, in request
    resp, got_stream = self._interpret_response(result, stream)
  File "/Users/hyeyeon/Desktop/quiz/quiz/lib/python3.10/site-packages/openai/api_requestor.py", line 700, in _interpret_response
    self._interpret_response_line(
  File "/Users/hyeyeon/Desktop/quiz/quiz/lib/python3.10/site-packages/openai/api_requestor.py", line 765, in _interpret_response_line
    raise self.handle_error_response(
openai.error.AuthenticationError: Incorrect API key provided: YOUR_API_KEY. You can find your API key at https://platform.openai.com/account/api-keys.
Script finished at Thu Dec 26 10:16:27 KST 2024
Script finished at Thu Dec 26 10:16:27 KST 2024
Script started at Thu Dec 26 10:17:00 KST 2024
Virtual environment activated
huggingface/tokenizers: The current process just got forked, after parallelism has already been used. Disabling parallelism to avoid deadlocks...
To disable this warning, you can either:
	- Avoid using `tokenizers` before the fork if possible
	- Explicitly set the environment variable TOKENIZERS_PARALLELISM=(true | false)
í€´ì¦ˆ ìƒì„± ì‹œì‘: 2024-12-26
Traceback (most recent call last):
  File "/Users/hyeyeon/Desktop/quiz/mongodb.py", line 124, in <module>
    generate_quizzes_cron()
  File "/Users/hyeyeon/Desktop/quiz/mongodb.py", line 99, in generate_quizzes_cron
    question, answer = generate_quiz(existing_questions_embeddings)
  File "/Users/hyeyeon/Desktop/quiz/mongodb.py", line 52, in generate_quiz
    response = openai.ChatCompletion.create(
  File "/Users/hyeyeon/Desktop/quiz/quiz/lib/python3.10/site-packages/openai/api_resources/chat_completion.py", line 25, in create
    return super().create(*args, **kwargs)
  File "/Users/hyeyeon/Desktop/quiz/quiz/lib/python3.10/site-packages/openai/api_resources/abstract/engine_api_resource.py", line 153, in create
    response, _, api_key = requestor.request(
  File "/Users/hyeyeon/Desktop/quiz/quiz/lib/python3.10/site-packages/openai/api_requestor.py", line 298, in request
    resp, got_stream = self._interpret_response(result, stream)
  File "/Users/hyeyeon/Desktop/quiz/quiz/lib/python3.10/site-packages/openai/api_requestor.py", line 700, in _interpret_response
    self._interpret_response_line(
  File "/Users/hyeyeon/Desktop/quiz/quiz/lib/python3.10/site-packages/openai/api_requestor.py", line 765, in _interpret_response_line
    raise self.handle_error_response(
openai.error.AuthenticationError: Incorrect API key provided: YOUR_API_KEY. You can find your API key at https://platform.openai.com/account/api-keys.
Script finished at Thu Dec 26 10:17:15 KST 2024
Script started at Thu Dec 26 10:19:00 KST 2024
Virtual environment activated
huggingface/tokenizers: The current process just got forked, after parallelism has already been used. Disabling parallelism to avoid deadlocks...
To disable this warning, you can either:
	- Avoid using `tokenizers` before the fork if possible
	- Explicitly set the environment variable TOKENIZERS_PARALLELISM=(true | false)
í€´ì¦ˆ ìƒì„± ì‹œì‘: 2024-12-26
Traceback (most recent call last):
  File "/Users/hyeyeon/Desktop/quiz/mongodb.py", line 124, in <module>
    generate_quizzes_cron()
  File "/Users/hyeyeon/Desktop/quiz/mongodb.py", line 103, in generate_quizzes_cron
    existing_questions_embeddings = util.cat([existing_questions_embeddings, new_embedding])
AttributeError: module 'sentence_transformers.util' has no attribute 'cat'
Script finished at Thu Dec 26 10:19:21 KST 2024
Script started at Thu Dec 26 10:25:00 KST 2024
Virtual environment activated
huggingface/tokenizers: The current process just got forked, after parallelism has already been used. Disabling parallelism to avoid deadlocks...
To disable this warning, you can either:
	- Avoid using `tokenizers` before the fork if possible
	- Explicitly set the environment variable TOKENIZERS_PARALLELISM=(true | false)
í€´ì¦ˆ ìƒì„± ì‹œì‘: 2024-12-26
Traceback (most recent call last):
  File "/Users/hyeyeon/Desktop/quiz/mongodb.py", line 126, in <module>
    generate_quizzes_cron()
  File "/Users/hyeyeon/Desktop/quiz/mongodb.py", line 97, in generate_quizzes_cron
    question, answer = generate_quiz(existing_questions_embeddings)
  File "/Users/hyeyeon/Desktop/quiz/mongodb.py", line 50, in generate_quiz
    response = openai.ChatCompletion.create(
  File "/Users/hyeyeon/Desktop/quiz/quiz/lib/python3.10/site-packages/openai/api_resources/chat_completion.py", line 25, in create
    return super().create(*args, **kwargs)
  File "/Users/hyeyeon/Desktop/quiz/quiz/lib/python3.10/site-packages/openai/api_resources/abstract/engine_api_resource.py", line 153, in create
    response, _, api_key = requestor.request(
  File "/Users/hyeyeon/Desktop/quiz/quiz/lib/python3.10/site-packages/openai/api_requestor.py", line 298, in request
    resp, got_stream = self._interpret_response(result, stream)
  File "/Users/hyeyeon/Desktop/quiz/quiz/lib/python3.10/site-packages/openai/api_requestor.py", line 700, in _interpret_response
    self._interpret_response_line(
  File "/Users/hyeyeon/Desktop/quiz/quiz/lib/python3.10/site-packages/openai/api_requestor.py", line 765, in _interpret_response_line
    raise self.handle_error_response(
openai.error.AuthenticationError: Incorrect API key provided: YOUR_API_KEY. You can find your API key at https://platform.openai.com/account/api-keys.
Script finished at Thu Dec 26 10:25:13 KST 2024
Script started at Thu Dec 26 10:30:00 KST 2024
Virtual environment activated
huggingface/tokenizers: The current process just got forked, after parallelism has already been used. Disabling parallelism to avoid deadlocks...
To disable this warning, you can either:
	- Avoid using `tokenizers` before the fork if possible
	- Explicitly set the environment variable TOKENIZERS_PARALLELISM=(true | false)
Script finished at Thu Dec 26 10:37:34 KST 2024
/Users/hyeyeon/.pyenv/versions/3.10.12/lib/python3.10/multiprocessing/resource_tracker.py:224: UserWarning: resource_tracker: There appear to be 1 leaked semaphore objects to clean up at shutdown
  warnings.warn('resource_tracker: There appear to be %d '
Script started at Thu Dec 26 10:41:00 KST 2024
Virtual environment activated
huggingface/tokenizers: The current process just got forked, after parallelism has already been used. Disabling parallelism to avoid deadlocks...
To disable this warning, you can either:
	- Avoid using `tokenizers` before the fork if possible
	- Explicitly set the environment variable TOKENIZERS_PARALLELISM=(true | false)
í€´ì¦ˆ ìƒì„± ì‹œì‘: 2024-12-26
API ì‘ë‹µ ì‹œê°„: 0.8836729526519775ì´ˆ
API ì‘ë‹µ ì‹œê°„: 0.8125491142272949ì´ˆ
API ì‘ë‹µ ì‹œê°„: 0.8269150257110596ì´ˆ
API ì‘ë‹µ ì‹œê°„: 0.753493070602417ì´ˆ
API ì‘ë‹µ ì‹œê°„: 0.8072278499603271ì´ˆ
API ì‘ë‹µ ì‹œê°„: 1.169440746307373ì´ˆ
API ì‘ë‹µ ì‹œê°„: 0.8934221267700195ì´ˆ
API ì‘ë‹µ ì‹œê°„: 0.665855884552002ì´ˆ
API ì‘ë‹µ ì‹œê°„: 0.7788867950439453ì´ˆ
API ì‘ë‹µ ì‹œê°„: 0.7989380359649658ì´ˆ
API ì‘ë‹µ ì‹œê°„: 1.075057029724121ì´ˆ
API ì‘ë‹µ ì‹œê°„: 0.9382989406585693ì´ˆ
API ì‘ë‹µ ì‹œê°„: 0.8699829578399658ì´ˆ
API ì‘ë‹µ ì‹œê°„: 0.8036608695983887ì´ˆ
API ì‘ë‹µ ì‹œê°„: 0.8663198947906494ì´ˆ
API ì‘ë‹µ ì‹œê°„: 0.9804441928863525ì´ˆ
API ì‘ë‹µ ì‹œê°„: 0.7672939300537109ì´ˆ
API ì‘ë‹µ ì‹œê°„: 0.8912351131439209ì´ˆ
API ì‘ë‹µ ì‹œê°„: 0.9253270626068115ì´ˆ
API ì‘ë‹µ ì‹œê°„: 0.7161791324615479ì´ˆ
API ì‘ë‹µ ì‹œê°„: 0.8469090461730957ì´ˆ
API ì‘ë‹µ ì‹œê°„: 0.8685760498046875ì´ˆ
API ì‘ë‹µ ì‹œê°„: 1.0262672901153564ì´ˆ
API ì‘ë‹µ ì‹œê°„: 0.7866091728210449ì´ˆ
API ì‘ë‹µ ì‹œê°„: 0.7702138423919678ì´ˆ
API ì‘ë‹µ ì‹œê°„: 0.7301397323608398ì´ˆ
API ì‘ë‹µ ì‹œê°„: 0.8689568042755127ì´ˆ
API ì‘ë‹µ ì‹œê°„: 0.7945947647094727ì´ˆ
API ì‘ë‹µ ì‹œê°„: 1.0007500648498535ì´ˆ
API ì‘ë‹µ ì‹œê°„: 0.8413052558898926ì´ˆ
API ì‘ë‹µ ì‹œê°„: 0.9239301681518555ì´ˆ
API ì‘ë‹µ ì‹œê°„: 0.7376749515533447ì´ˆ
API ì‘ë‹µ ì‹œê°„: 0.8267090320587158ì´ˆ
API ì‘ë‹µ ì‹œê°„: 0.7418711185455322ì´ˆ
API ì‘ë‹µ ì‹œê°„: 0.729060173034668ì´ˆ
API ì‘ë‹µ ì‹œê°„: 0.6980769634246826ì´ˆ
API ì‘ë‹µ ì‹œê°„: 0.7373030185699463ì´ˆ
API ì‘ë‹µ ì‹œê°„: 0.7606580257415771ì´ˆ
API ì‘ë‹µ ì‹œê°„: 0.6865379810333252ì´ˆ
API ì‘ë‹µ ì‹œê°„: 0.7373130321502686ì´ˆ
API ì‘ë‹µ ì‹œê°„: 0.728585958480835ì´ˆ
API ì‘ë‹µ ì‹œê°„: 1.0442869663238525ì´ˆ
API ì‘ë‹µ ì‹œê°„: 0.7382810115814209ì´ˆ
API ì‘ë‹µ ì‹œê°„: 0.9281678199768066ì´ˆ
API ì‘ë‹µ ì‹œê°„: 4.3715338706970215ì´ˆ
API ì‘ë‹µ ì‹œê°„: 0.8633570671081543ì´ˆ
API ì‘ë‹µ ì‹œê°„: 1.3461341857910156ì´ˆ
API ì‘ë‹µ ì‹œê°„: 0.7401330471038818ì´ˆ
API ì‘ë‹µ ì‹œê°„: 0.9505071640014648ì´ˆ
API ì‘ë‹µ ì‹œê°„: 0.8111090660095215ì´ˆ
API ì‘ë‹µ ì‹œê°„: 0.8259339332580566ì´ˆ
API ì‘ë‹µ ì‹œê°„: 1.942626953125ì´ˆ
API ì‘ë‹µ ì‹œê°„: 0.8185458183288574ì´ˆ
API ì‘ë‹µ ì‹œê°„: 0.7505338191986084ì´ˆ
API ì‘ë‹µ ì‹œê°„: 0.7786729335784912ì´ˆ
API ì‘ë‹µ ì‹œê°„: 0.8673338890075684ì´ˆ
API ì‘ë‹µ ì‹œê°„: 0.7914860248565674ì´ˆ
API ì‘ë‹µ ì‹œê°„: 1.1334161758422852ì´ˆ
API ì‘ë‹µ ì‹œê°„: 0.7942421436309814ì´ˆ
API ì‘ë‹µ ì‹œê°„: 0.7944319248199463ì´ˆ
API ì‘ë‹µ ì‹œê°„: 0.8690512180328369ì´ˆ
API ì‘ë‹µ ì‹œê°„: 0.7094719409942627ì´ˆ
API ì‘ë‹µ ì‹œê°„: 0.8186008930206299ì´ˆ
API ì‘ë‹µ ì‹œê°„: 0.7159721851348877ì´ˆ
API ì‘ë‹µ ì‹œê°„: 1.3609211444854736ì´ˆ
API ì‘ë‹µ ì‹œê°„: 0.9308197498321533ì´ˆ
API ì‘ë‹µ ì‹œê°„: 0.9041728973388672ì´ˆ
API ì‘ë‹µ ì‹œê°„: 0.7207241058349609ì´ˆ
API ì‘ë‹µ ì‹œê°„: 1.4375159740447998ì´ˆ
API ì‘ë‹µ ì‹œê°„: 0.8511829376220703ì´ˆ
API ì‘ë‹µ ì‹œê°„: 0.8280372619628906ì´ˆ
API ì‘ë‹µ ì‹œê°„: 0.929746150970459ì´ˆ
API ì‘ë‹µ ì‹œê°„: 0.8602211475372314ì´ˆ
API ì‘ë‹µ ì‹œê°„: 0.774651288986206ì´ˆ
API ì‘ë‹µ ì‹œê°„: 0.9793169498443604ì´ˆ
API ì‘ë‹µ ì‹œê°„: 0.7033689022064209ì´ˆ
API ì‘ë‹µ ì‹œê°„: 0.7438430786132812ì´ˆ
API ì‘ë‹µ ì‹œê°„: 0.7295107841491699ì´ˆ
API ì‘ë‹µ ì‹œê°„: 0.7731311321258545ì´ˆ
API ì‘ë‹µ ì‹œê°„: 0.9452230930328369ì´ˆ
API ì‘ë‹µ ì‹œê°„: 0.7744278907775879ì´ˆ
API ì‘ë‹µ ì‹œê°„: 0.7428328990936279ì´ˆ
API ì‘ë‹µ ì‹œê°„: 0.7635860443115234ì´ˆ
API ì‘ë‹µ ì‹œê°„: 0.7373340129852295ì´ˆ
API ì‘ë‹µ ì‹œê°„: 0.7591288089752197ì´ˆ
API ì‘ë‹µ ì‹œê°„: 0.833622932434082ì´ˆ
API ì‘ë‹µ ì‹œê°„: 0.9681499004364014ì´ˆ
API ì‘ë‹µ ì‹œê°„: 0.7590968608856201ì´ˆ
API ì‘ë‹µ ì‹œê°„: 0.6553428173065186ì´ˆ
API ì‘ë‹µ ì‹œê°„: 0.6640810966491699ì´ˆ
API ì‘ë‹µ ì‹œê°„: 0.7745029926300049ì´ˆ
API ì‘ë‹µ ì‹œê°„: 0.7825028896331787ì´ˆ
API ì‘ë‹µ ì‹œê°„: 0.9171802997589111ì´ˆ
API ì‘ë‹µ ì‹œê°„: 0.8760280609130859ì´ˆ
API ì‘ë‹µ ì‹œê°„: 0.6767628192901611ì´ˆ
API ì‘ë‹µ ì‹œê°„: 0.8098239898681641ì´ˆ
API ì‘ë‹µ ì‹œê°„: 0.784965991973877ì´ˆ
API ì‘ë‹µ ì‹œê°„: 0.7066800594329834ì´ˆ
API ì‘ë‹µ ì‹œê°„: 1.283195972442627ì´ˆ
API ì‘ë‹µ ì‹œê°„: 0.8053040504455566ì´ˆ
API ì‘ë‹µ ì‹œê°„: 0.7055020332336426ì´ˆ
API ì‘ë‹µ ì‹œê°„: 0.8362417221069336ì´ˆ
API ì‘ë‹µ ì‹œê°„: 0.9131729602813721ì´ˆ
API ì‘ë‹µ ì‹œê°„: 1.0382530689239502ì´ˆ
API ì‘ë‹µ ì‹œê°„: 0.8535270690917969ì´ˆ
API ì‘ë‹µ ì‹œê°„: 0.7783057689666748ì´ˆ
API ì‘ë‹µ ì‹œê°„: 0.9838931560516357ì´ˆ
API ì‘ë‹µ ì‹œê°„: 0.971750020980835ì´ˆ
API ì‘ë‹µ ì‹œê°„: 1.0817341804504395ì´ˆ
API ì‘ë‹µ ì‹œê°„: 0.8336501121520996ì´ˆ
API ì‘ë‹µ ì‹œê°„: 0.8306601047515869ì´ˆ
API ì‘ë‹µ ì‹œê°„: 0.8804421424865723ì´ˆ
API ì‘ë‹µ ì‹œê°„: 0.8234338760375977ì´ˆ
API ì‘ë‹µ ì‹œê°„: 0.7407968044281006ì´ˆ
API ì‘ë‹µ ì‹œê°„: 0.8707199096679688ì´ˆ
API ì‘ë‹µ ì‹œê°„: 0.7830958366394043ì´ˆ
API ì‘ë‹µ ì‹œê°„: 1.0485100746154785ì´ˆ
API ì‘ë‹µ ì‹œê°„: 0.7879862785339355ì´ˆ
API ì‘ë‹µ ì‹œê°„: 0.7718000411987305ì´ˆ
API ì‘ë‹µ ì‹œê°„: 1.0823009014129639ì´ˆ
API ì‘ë‹µ ì‹œê°„: 1.2072739601135254ì´ˆ
API ì‘ë‹µ ì‹œê°„: 0.8754591941833496ì´ˆ
API ì‘ë‹µ ì‹œê°„: 0.7877051830291748ì´ˆ
API ì‘ë‹µ ì‹œê°„: 0.9577200412750244ì´ˆ
API ì‘ë‹µ ì‹œê°„: 0.926018238067627ì´ˆ
API ì‘ë‹µ ì‹œê°„: 0.8907408714294434ì´ˆ
API ì‘ë‹µ ì‹œê°„: 0.8269727230072021ì´ˆ
API ì‘ë‹µ ì‹œê°„: 0.776129961013794ì´ˆ
API ì‘ë‹µ ì‹œê°„: 0.7408080101013184ì´ˆ
API ì‘ë‹µ ì‹œê°„: 1.045710802078247ì´ˆ
API ì‘ë‹µ ì‹œê°„: 0.8029849529266357ì´ˆ
API ì‘ë‹µ ì‹œê°„: 0.833345890045166ì´ˆ
API ì‘ë‹µ ì‹œê°„: 0.8799898624420166ì´ˆ
API ì‘ë‹µ ì‹œê°„: 1.0062470436096191ì´ˆ
API ì‘ë‹µ ì‹œê°„: 0.8375451564788818ì´ˆ
API ì‘ë‹µ ì‹œê°„: 0.9034039974212646ì´ˆ
API ì‘ë‹µ ì‹œê°„: 1.026813268661499ì´ˆ
API ì‘ë‹µ ì‹œê°„: 0.7817709445953369ì´ˆ
API ì‘ë‹µ ì‹œê°„: 1.0990440845489502ì´ˆ
API ì‘ë‹µ ì‹œê°„: 0.8543510437011719ì´ˆ
API ì‘ë‹µ ì‹œê°„: 0.8177740573883057ì´ˆ
API ì‘ë‹µ ì‹œê°„: 0.784916877746582ì´ˆ
API ì‘ë‹µ ì‹œê°„: 0.8863248825073242ì´ˆ
API ì‘ë‹µ ì‹œê°„: 0.7686378955841064ì´ˆ
API ì‘ë‹µ ì‹œê°„: 0.9366538524627686ì´ˆ
API ì‘ë‹µ ì‹œê°„: 0.7691071033477783ì´ˆ
API ì‘ë‹µ ì‹œê°„: 0.9145159721374512ì´ˆ
API ì‘ë‹µ ì‹œê°„: 0.8704290390014648ì´ˆ
API ì‘ë‹µ ì‹œê°„: 1.0887460708618164ì´ˆ
API ì‘ë‹µ ì‹œê°„: 0.9011790752410889ì´ˆ
API ì‘ë‹µ ì‹œê°„: 0.8217179775238037ì´ˆ
API ì‘ë‹µ ì‹œê°„: 0.8809089660644531ì´ˆ
API ì‘ë‹µ ì‹œê°„: 1.116637945175171ì´ˆ
API ì‘ë‹µ ì‹œê°„: 0.8166031837463379ì´ˆ
API ì‘ë‹µ ì‹œê°„: 0.8753530979156494ì´ˆ
API ì‘ë‹µ ì‹œê°„: 0.8702001571655273ì´ˆ
API ì‘ë‹µ ì‹œê°„: 0.9432399272918701ì´ˆ
API ì‘ë‹µ ì‹œê°„: 0.782498836517334ì´ˆ
API ì‘ë‹µ ì‹œê°„: 1.158647060394287ì´ˆ
API ì‘ë‹µ ì‹œê°„: 1.041769027709961ì´ˆ
API ì‘ë‹µ ì‹œê°„: 0.9888448715209961ì´ˆ
API ì‘ë‹µ ì‹œê°„: 0.767956018447876ì´ˆ
API ì‘ë‹µ ì‹œê°„: 0.7532107830047607ì´ˆ
API ì‘ë‹µ ì‹œê°„: 1.031656265258789ì´ˆ
API ì‘ë‹µ ì‹œê°„: 0.9317970275878906ì´ˆ
API ì‘ë‹µ ì‹œê°„: 0.7241311073303223ì´ˆ
API ì‘ë‹µ ì‹œê°„: 0.9506080150604248ì´ˆ
API ì‘ë‹µ ì‹œê°„: 1.1609821319580078ì´ˆ
API ì‘ë‹µ ì‹œê°„: 0.8575811386108398ì´ˆ
API ì‘ë‹µ ì‹œê°„: 0.7545249462127686ì´ˆ
API ì‘ë‹µ ì‹œê°„: 0.7432999610900879ì´ˆ
API ì‘ë‹µ ì‹œê°„: 0.9169840812683105ì´ˆ
API ì‘ë‹µ ì‹œê°„: 0.8543601036071777ì´ˆ
API ì‘ë‹µ ì‹œê°„: 1.1050679683685303ì´ˆ
API ì‘ë‹µ ì‹œê°„: 0.8198258876800537ì´ˆ
API ì‘ë‹µ ì‹œê°„: 0.7857351303100586ì´ˆ
API ì‘ë‹µ ì‹œê°„: 0.8858931064605713ì´ˆ
API ì‘ë‹µ ì‹œê°„: 0.9572739601135254ì´ˆ
API ì‘ë‹µ ì‹œê°„: 1.0432140827178955ì´ˆ
API ì‘ë‹µ ì‹œê°„: 1.0766611099243164ì´ˆ
API ì‘ë‹µ ì‹œê°„: 0.9276571273803711ì´ˆ
API ì‘ë‹µ ì‹œê°„: 0.8270761966705322ì´ˆ
API ì‘ë‹µ ì‹œê°„: 0.8167281150817871ì´ˆ
API ì‘ë‹µ ì‹œê°„: 0.8487582206726074ì´ˆ
API ì‘ë‹µ ì‹œê°„: 0.8714849948883057ì´ˆ
API ì‘ë‹µ ì‹œê°„: 0.878809928894043ì´ˆ
API ì‘ë‹µ ì‹œê°„: 1.0030970573425293ì´ˆ
API ì‘ë‹µ ì‹œê°„: 0.9975659847259521ì´ˆ
API ì‘ë‹µ ì‹œê°„: 0.7174601554870605ì´ˆ
API ì‘ë‹µ ì‹œê°„: 0.8702428340911865ì´ˆ
API ì‘ë‹µ ì‹œê°„: 1.2445118427276611ì´ˆ
API ì‘ë‹µ ì‹œê°„: 0.78273606300354ì´ˆ
API ì‘ë‹µ ì‹œê°„: 0.8030452728271484ì´ˆ
API ì‘ë‹µ ì‹œê°„: 0.7928369045257568ì´ˆ
API ì‘ë‹µ ì‹œê°„: 0.8733680248260498ì´ˆ
API ì‘ë‹µ ì‹œê°„: 0.9224231243133545ì´ˆ
API ì‘ë‹µ ì‹œê°„: 0.8318030834197998ì´ˆ
API ì‘ë‹µ ì‹œê°„: 0.8982839584350586ì´ˆ
API ì‘ë‹µ ì‹œê°„: 0.8989851474761963ì´ˆ
API ì‘ë‹µ ì‹œê°„: 0.7635912895202637ì´ˆ
API ì‘ë‹µ ì‹œê°„: 0.8124101161956787ì´ˆ
API ì‘ë‹µ ì‹œê°„: 0.7749531269073486ì´ˆ
API ì‘ë‹µ ì‹œê°„: 0.7412459850311279ì´ˆ
API ì‘ë‹µ ì‹œê°„: 1.0183959007263184ì´ˆ
API ì‘ë‹µ ì‹œê°„: 0.9038047790527344ì´ˆ
API ì‘ë‹µ ì‹œê°„: 0.8255600929260254ì´ˆ
API ì‘ë‹µ ì‹œê°„: 0.908721923828125ì´ˆ
API ì‘ë‹µ ì‹œê°„: 0.6656301021575928ì´ˆ
API ì‘ë‹µ ì‹œê°„: 0.888171911239624ì´ˆ
API ì‘ë‹µ ì‹œê°„: 0.8663849830627441ì´ˆ
API ì‘ë‹µ ì‹œê°„: 0.7229690551757812ì´ˆ
API ì‘ë‹µ ì‹œê°„: 0.7720530033111572ì´ˆ
API ì‘ë‹µ ì‹œê°„: 0.6916232109069824ì´ˆ
API ì‘ë‹µ ì‹œê°„: 0.7264871597290039ì´ˆ
API ì‘ë‹µ ì‹œê°„: 1.413809061050415ì´ˆ
API ì‘ë‹µ ì‹œê°„: 0.814417839050293ì´ˆ
API ì‘ë‹µ ì‹œê°„: 0.7718939781188965ì´ˆ
API ì‘ë‹µ ì‹œê°„: 0.8526821136474609ì´ˆ
API ì‘ë‹µ ì‹œê°„: 1.2249369621276855ì´ˆ
API ì‘ë‹µ ì‹œê°„: 0.8405718803405762ì´ˆ
API ì‘ë‹µ ì‹œê°„: 0.9025571346282959ì´ˆ
API ì‘ë‹µ ì‹œê°„: 0.9099788665771484ì´ˆ
API ì‘ë‹µ ì‹œê°„: 0.9777641296386719ì´ˆ
API ì‘ë‹µ ì‹œê°„: 0.727410078048706ì´ˆ
API ì‘ë‹µ ì‹œê°„: 0.8096652030944824ì´ˆ
API ì‘ë‹µ ì‹œê°„: 0.781768798828125ì´ˆ
API ì‘ë‹µ ì‹œê°„: 0.8802108764648438ì´ˆ
API ì‘ë‹µ ì‹œê°„: 0.7719919681549072ì´ˆ
API ì‘ë‹µ ì‹œê°„: 0.9450600147247314ì´ˆ
API ì‘ë‹µ ì‹œê°„: 1.0412342548370361ì´ˆ
API ì‘ë‹µ ì‹œê°„: 0.903723955154419ì´ˆ
API ì‘ë‹µ ì‹œê°„: 0.7428510189056396ì´ˆ
API ì‘ë‹µ ì‹œê°„: 0.8773739337921143ì´ˆ
API ì‘ë‹µ ì‹œê°„: 0.8689248561859131ì´ˆ
API ì‘ë‹µ ì‹œê°„: 1.0864410400390625ì´ˆ
API ì‘ë‹µ ì‹œê°„: 0.8559799194335938ì´ˆ
API ì‘ë‹µ ì‹œê°„: 0.7873818874359131ì´ˆ
API ì‘ë‹µ ì‹œê°„: 0.8073077201843262ì´ˆ
API ì‘ë‹µ ì‹œê°„: 0.9395489692687988ì´ˆ
API ì‘ë‹µ ì‹œê°„: 0.8737828731536865ì´ˆ
API ì‘ë‹µ ì‹œê°„: 0.7485291957855225ì´ˆ
API ì‘ë‹µ ì‹œê°„: 0.7606499195098877ì´ˆ
API ì‘ë‹µ ì‹œê°„: 0.7684078216552734ì´ˆ
API ì‘ë‹µ ì‹œê°„: 0.7096490859985352ì´ˆ
API ì‘ë‹µ ì‹œê°„: 0.7700958251953125ì´ˆ
API ì‘ë‹µ ì‹œê°„: 0.7196331024169922ì´ˆ
API ì‘ë‹µ ì‹œê°„: 0.6650030612945557ì´ˆ
API ì‘ë‹µ ì‹œê°„: 0.8301219940185547ì´ˆ
API ì‘ë‹µ ì‹œê°„: 1.010335922241211ì´ˆ
API ì‘ë‹µ ì‹œê°„: 0.7136492729187012ì´ˆ
API ì‘ë‹µ ì‹œê°„: 0.8996109962463379ì´ˆ
API ì‘ë‹µ ì‹œê°„: 0.8575558662414551ì´ˆ
API ì‘ë‹µ ì‹œê°„: 0.869826078414917ì´ˆ
API ì‘ë‹µ ì‹œê°„: 0.8502330780029297ì´ˆ
API ì‘ë‹µ ì‹œê°„: 0.74173903465271ì´ˆ
API ì‘ë‹µ ì‹œê°„: 0.7601399421691895ì´ˆ
API ì‘ë‹µ ì‹œê°„: 0.8430120944976807ì´ˆ
API ì‘ë‹µ ì‹œê°„: 1.1890349388122559ì´ˆ
API ì‘ë‹µ ì‹œê°„: 0.7998669147491455ì´ˆ
API ì‘ë‹µ ì‹œê°„: 0.7838263511657715ì´ˆ
API ì‘ë‹µ ì‹œê°„: 0.9663369655609131ì´ˆ
API ì‘ë‹µ ì‹œê°„: 0.749845027923584ì´ˆ
API ì‘ë‹µ ì‹œê°„: 0.9013791084289551ì´ˆ
API ì‘ë‹µ ì‹œê°„: 1.0036239624023438ì´ˆ
API ì‘ë‹µ ì‹œê°„: 0.8952581882476807ì´ˆ
API ì‘ë‹µ ì‹œê°„: 1.1415140628814697ì´ˆ
API ì‘ë‹µ ì‹œê°„: 0.7712008953094482ì´ˆ
API ì‘ë‹µ ì‹œê°„: 0.7405538558959961ì´ˆ
API ì‘ë‹µ ì‹œê°„: 0.7521400451660156ì´ˆ
API ì‘ë‹µ ì‹œê°„: 0.8599350452423096ì´ˆ
API ì‘ë‹µ ì‹œê°„: 0.7185401916503906ì´ˆ
API ì‘ë‹µ ì‹œê°„: 0.9307899475097656ì´ˆ
API ì‘ë‹µ ì‹œê°„: 0.9005827903747559ì´ˆ
API ì‘ë‹µ ì‹œê°„: 1.0068919658660889ì´ˆ
API ì‘ë‹µ ì‹œê°„: 0.7976670265197754ì´ˆ
API ì‘ë‹µ ì‹œê°„: 0.8864750862121582ì´ˆ
API ì‘ë‹µ ì‹œê°„: 0.7909717559814453ì´ˆ
API ì‘ë‹µ ì‹œê°„: 0.7707309722900391ì´ˆ
API ì‘ë‹µ ì‹œê°„: 0.9289307594299316ì´ˆ
API ì‘ë‹µ ì‹œê°„: 0.8284239768981934ì´ˆ
API ì‘ë‹µ ì‹œê°„: 0.7771279811859131ì´ˆ
API ì‘ë‹µ ì‹œê°„: 0.7819039821624756ì´ˆ
API ì‘ë‹µ ì‹œê°„: 0.7584929466247559ì´ˆ
API ì‘ë‹µ ì‹œê°„: 0.8448469638824463ì´ˆ
API ì‘ë‹µ ì‹œê°„: 0.7013776302337646ì´ˆ
API ì‘ë‹µ ì‹œê°„: 0.8289039134979248ì´ˆ
API ì‘ë‹µ ì‹œê°„: 0.7849180698394775ì´ˆ
API ì‘ë‹µ ì‹œê°„: 0.9779307842254639ì´ˆ
API ì‘ë‹µ ì‹œê°„: 0.9627361297607422ì´ˆ
API ì‘ë‹µ ì‹œê°„: 0.844674825668335ì´ˆ
API ì‘ë‹µ ì‹œê°„: 0.8570199012756348ì´ˆ
API ì‘ë‹µ ì‹œê°„: 1.0896730422973633ì´ˆ
API ì‘ë‹µ ì‹œê°„: 0.7521748542785645ì´ˆ
API ì‘ë‹µ ì‹œê°„: 0.8025720119476318ì´ˆ
API ì‘ë‹µ ì‹œê°„: 0.8327221870422363ì´ˆ
API ì‘ë‹µ ì‹œê°„: 0.7513389587402344ì´ˆ
API ì‘ë‹µ ì‹œê°„: 1.27789306640625ì´ˆ
API ì‘ë‹µ ì‹œê°„: 0.7173418998718262ì´ˆ
API ì‘ë‹µ ì‹œê°„: 1.2410459518432617ì´ˆ
API ì‘ë‹µ ì‹œê°„: 0.7161750793457031ì´ˆ
API ì‘ë‹µ ì‹œê°„: 0.8492782115936279ì´ˆ
API ì‘ë‹µ ì‹œê°„: 0.7573308944702148ì´ˆ
API ì‘ë‹µ ì‹œê°„: 1.7129480838775635ì´ˆ
API ì‘ë‹µ ì‹œê°„: 0.9416797161102295ì´ˆ
API ì‘ë‹µ ì‹œê°„: 1.1968700885772705ì´ˆ
API ì‘ë‹µ ì‹œê°„: 0.8497231006622314ì´ˆ
API ì‘ë‹µ ì‹œê°„: 0.801264762878418ì´ˆ
API ì‘ë‹µ ì‹œê°„: 0.7224259376525879ì´ˆ
API ì‘ë‹µ ì‹œê°„: 0.9580562114715576ì´ˆ
API ì‘ë‹µ ì‹œê°„: 0.8753180503845215ì´ˆ
API ì‘ë‹µ ì‹œê°„: 0.7319610118865967ì´ˆ
API ì‘ë‹µ ì‹œê°„: 0.9325408935546875ì´ˆ
API ì‘ë‹µ ì‹œê°„: 0.7674820423126221ì´ˆ
API ì‘ë‹µ ì‹œê°„: 1.080226182937622ì´ˆ
API ì‘ë‹µ ì‹œê°„: 0.8772759437561035ì´ˆ
API ì‘ë‹µ ì‹œê°„: 0.8824231624603271ì´ˆ
API ì‘ë‹µ ì‹œê°„: 1.1013708114624023ì´ˆ
API ì‘ë‹µ ì‹œê°„: 1.0125617980957031ì´ˆ
API ì‘ë‹µ ì‹œê°„: 0.9360020160675049ì´ˆ
API ì‘ë‹µ ì‹œê°„: 0.6371119022369385ì´ˆ
API ì‘ë‹µ ì‹œê°„: 0.8186080455780029ì´ˆ
API ì‘ë‹µ ì‹œê°„: 0.9004549980163574ì´ˆ
API ì‘ë‹µ ì‹œê°„: 0.7094976902008057ì´ˆ
API ì‘ë‹µ ì‹œê°„: 2.6583411693573ì´ˆ
API ì‘ë‹µ ì‹œê°„: 0.7314250469207764ì´ˆ
API ì‘ë‹µ ì‹œê°„: 0.7529778480529785ì´ˆ
API ì‘ë‹µ ì‹œê°„: 1.3005080223083496ì´ˆ
API ì‘ë‹µ ì‹œê°„: 1.5524537563323975ì´ˆ
API ì‘ë‹µ ì‹œê°„: 1.0423941612243652ì´ˆ
API ì‘ë‹µ ì‹œê°„: 0.800469160079956ì´ˆ
API ì‘ë‹µ ì‹œê°„: 0.9662611484527588ì´ˆ
API ì‘ë‹µ ì‹œê°„: 0.8180420398712158ì´ˆ
API ì‘ë‹µ ì‹œê°„: 0.8383958339691162ì´ˆ
API ì‘ë‹µ ì‹œê°„: 0.6956799030303955ì´ˆ
API ì‘ë‹µ ì‹œê°„: 0.863347053527832ì´ˆ
API ì‘ë‹µ ì‹œê°„: 0.8841910362243652ì´ˆ
API ì‘ë‹µ ì‹œê°„: 0.9505620002746582ì´ˆ
API ì‘ë‹µ ì‹œê°„: 0.6852989196777344ì´ˆ
API ì‘ë‹µ ì‹œê°„: 0.861257791519165ì´ˆ
API ì‘ë‹µ ì‹œê°„: 1.0111820697784424ì´ˆ
API ì‘ë‹µ ì‹œê°„: 0.7414989471435547ì´ˆ
API ì‘ë‹µ ì‹œê°„: 2.8691580295562744ì´ˆ
API ì‘ë‹µ ì‹œê°„: 0.9026942253112793ì´ˆ
API ì‘ë‹µ ì‹œê°„: 0.8529891967773438ì´ˆ
API ì‘ë‹µ ì‹œê°„: 0.8187379837036133ì´ˆ
API ì‘ë‹µ ì‹œê°„: 0.8195199966430664ì´ˆ
API ì‘ë‹µ ì‹œê°„: 0.8650598526000977ì´ˆ
API ì‘ë‹µ ì‹œê°„: 0.7987236976623535ì´ˆ
API ì‘ë‹µ ì‹œê°„: 0.8519821166992188ì´ˆ
API ì‘ë‹µ ì‹œê°„: 0.8879489898681641ì´ˆ
API ì‘ë‹µ ì‹œê°„: 0.8786942958831787ì´ˆ
API ì‘ë‹µ ì‹œê°„: 1.0999479293823242ì´ˆ
API ì‘ë‹µ ì‹œê°„: 0.8359720706939697ì´ˆ
API ì‘ë‹µ ì‹œê°„: 0.8838000297546387ì´ˆ
API ì‘ë‹µ ì‹œê°„: 0.7934660911560059ì´ˆ
API ì‘ë‹µ ì‹œê°„: 0.7395226955413818ì´ˆ
API ì‘ë‹µ ì‹œê°„: 1.4599699974060059ì´ˆ
API ì‘ë‹µ ì‹œê°„: 1.0032970905303955ì´ˆ
API ì‘ë‹µ ì‹œê°„: 1.070256233215332ì´ˆ
API ì‘ë‹µ ì‹œê°„: 1.0266680717468262ì´ˆ
API ì‘ë‹µ ì‹œê°„: 0.8278188705444336ì´ˆ
API ì‘ë‹µ ì‹œê°„: 0.9021990299224854ì´ˆ
API ì‘ë‹µ ì‹œê°„: 0.8106989860534668ì´ˆ
API ì‘ë‹µ ì‹œê°„: 0.8575069904327393ì´ˆ
API ì‘ë‹µ ì‹œê°„: 0.8769850730895996ì´ˆ
API ì‘ë‹µ ì‹œê°„: 0.7920598983764648ì´ˆ
API ì‘ë‹µ ì‹œê°„: 1.0526671409606934ì´ˆ
API ì‘ë‹µ ì‹œê°„: 0.9349870681762695ì´ˆ
API ì‘ë‹µ ì‹œê°„: 0.8714311122894287ì´ˆ
API ì‘ë‹µ ì‹œê°„: 0.7179062366485596ì´ˆ
API ì‘ë‹µ ì‹œê°„: 0.9312779903411865ì´ˆ
API ì‘ë‹µ ì‹œê°„: 0.7349209785461426ì´ˆ
API ì‘ë‹µ ì‹œê°„: 0.7369639873504639ì´ˆ
API ì‘ë‹µ ì‹œê°„: 0.8243880271911621ì´ˆ
API ì‘ë‹µ ì‹œê°„: 0.8224499225616455ì´ˆ
API ì‘ë‹µ ì‹œê°„: 0.8823018074035645ì´ˆ
API ì‘ë‹µ ì‹œê°„: 0.8524479866027832ì´ˆ
API ì‘ë‹µ ì‹œê°„: 0.9074521064758301ì´ˆ
API ì‘ë‹µ ì‹œê°„: 0.761218786239624ì´ˆ
API ì‘ë‹µ ì‹œê°„: 0.7684588432312012ì´ˆ
API ì‘ë‹µ ì‹œê°„: 0.725377082824707ì´ˆ
API ì‘ë‹µ ì‹œê°„: 0.7436280250549316ì´ˆ
API ì‘ë‹µ ì‹œê°„: 0.8965661525726318ì´ˆ
API ì‘ë‹µ ì‹œê°„: 0.8734409809112549ì´ˆ
API ì‘ë‹µ ì‹œê°„: 0.8967990875244141ì´ˆ
API ì‘ë‹µ ì‹œê°„: 0.8717939853668213ì´ˆ
API ì‘ë‹µ ì‹œê°„: 0.8275361061096191ì´ˆ
API ì‘ë‹µ ì‹œê°„: 0.6861569881439209ì´ˆ
API ì‘ë‹µ ì‹œê°„: 0.838555097579956ì´ˆ
API ì‘ë‹µ ì‹œê°„: 0.784243106842041ì´ˆ
API ì‘ë‹µ ì‹œê°„: 0.9360611438751221ì´ˆ
API ì‘ë‹µ ì‹œê°„: 0.9287490844726562ì´ˆ
API ì‘ë‹µ ì‹œê°„: 0.7707366943359375ì´ˆ
API ì‘ë‹µ ì‹œê°„: 0.8838479518890381ì´ˆ
API ì‘ë‹µ ì‹œê°„: 0.8779997825622559ì´ˆ
API ì‘ë‹µ ì‹œê°„: 0.958122968673706ì´ˆ
API ì‘ë‹µ ì‹œê°„: 1.033879041671753ì´ˆ
API ì‘ë‹µ ì‹œê°„: 0.8884270191192627ì´ˆ
API ì‘ë‹µ ì‹œê°„: 0.7961618900299072ì´ˆ
API ì‘ë‹µ ì‹œê°„: 0.7893590927124023ì´ˆ
API ì‘ë‹µ ì‹œê°„: 0.8827090263366699ì´ˆ
API ì‘ë‹µ ì‹œê°„: 0.9663307666778564ì´ˆ
API ì‘ë‹µ ì‹œê°„: 0.9494657516479492ì´ˆ
API ì‘ë‹µ ì‹œê°„: 0.8038589954376221ì´ˆ
API ì‘ë‹µ ì‹œê°„: 1.2909269332885742ì´ˆ
API ì‘ë‹µ ì‹œê°„: 0.8425347805023193ì´ˆ
API ì‘ë‹µ ì‹œê°„: 0.9841728210449219ì´ˆ
API ì‘ë‹µ ì‹œê°„: 0.8852558135986328ì´ˆ
API ì‘ë‹µ ì‹œê°„: 0.8507709503173828ì´ˆ
API ì‘ë‹µ ì‹œê°„: 0.8844621181488037ì´ˆ
API ì‘ë‹µ ì‹œê°„: 1.0548651218414307ì´ˆ
API ì‘ë‹µ ì‹œê°„: 1.0616190433502197ì´ˆ
API ì‘ë‹µ ì‹œê°„: 0.7811398506164551ì´ˆ
API ì‘ë‹µ ì‹œê°„: 0.899616003036499ì´ˆ
API ì‘ë‹µ ì‹œê°„: 1.5819909572601318ì´ˆ
API ì‘ë‹µ ì‹œê°„: 0.9013259410858154ì´ˆ
API ì‘ë‹µ ì‹œê°„: 0.7983670234680176ì´ˆ
API ì‘ë‹µ ì‹œê°„: 0.8296229839324951ì´ˆ
API ì‘ë‹µ ì‹œê°„: 0.7522909641265869ì´ˆ
API ì‘ë‹µ ì‹œê°„: 0.9698669910430908ì´ˆ
API ì‘ë‹µ ì‹œê°„: 0.7764689922332764ì´ˆ
API ì‘ë‹µ ì‹œê°„: 0.8727600574493408ì´ˆ
API ì‘ë‹µ ì‹œê°„: 0.8304488658905029ì´ˆ
API ì‘ë‹µ ì‹œê°„: 0.8427813053131104ì´ˆ
API ì‘ë‹µ ì‹œê°„: 0.8510568141937256ì´ˆ
API ì‘ë‹µ ì‹œê°„: 1.017392873764038ì´ˆ
API ì‘ë‹µ ì‹œê°„: 0.9441871643066406ì´ˆ
API ì‘ë‹µ ì‹œê°„: 0.9525339603424072ì´ˆ
API ì‘ë‹µ ì‹œê°„: 0.8978638648986816ì´ˆ
API ì‘ë‹µ ì‹œê°„: 0.7732868194580078ì´ˆ
API ì‘ë‹µ ì‹œê°„: 0.7692840099334717ì´ˆ
API ì‘ë‹µ ì‹œê°„: 0.7930960655212402ì´ˆ
API ì‘ë‹µ ì‹œê°„: 0.8922522068023682ì´ˆ
API ì‘ë‹µ ì‹œê°„: 0.8909173011779785ì´ˆ
API ì‘ë‹µ ì‹œê°„: 0.9042518138885498ì´ˆ
API ì‘ë‹µ ì‹œê°„: 0.7316639423370361ì´ˆ
API ì‘ë‹µ ì‹œê°„: 0.7523860931396484ì´ˆ
API ì‘ë‹µ ì‹œê°„: 0.879817008972168ì´ˆ
API ì‘ë‹µ ì‹œê°„: 0.7773911952972412ì´ˆ
API ì‘ë‹µ ì‹œê°„: 0.8130218982696533ì´ˆ
API ì‘ë‹µ ì‹œê°„: 1.1484270095825195ì´ˆ
API ì‘ë‹µ ì‹œê°„: 0.8057920932769775ì´ˆ
API ì‘ë‹µ ì‹œê°„: 0.7900691032409668ì´ˆ
API ì‘ë‹µ ì‹œê°„: 0.9828863143920898ì´ˆ
API ì‘ë‹µ ì‹œê°„: 1.080336093902588ì´ˆ
API ì‘ë‹µ ì‹œê°„: 0.7654693126678467ì´ˆ
API ì‘ë‹µ ì‹œê°„: 0.9847900867462158ì´ˆ
API ì‘ë‹µ ì‹œê°„: 0.8796899318695068ì´ˆ
API ì‘ë‹µ ì‹œê°„: 0.8719930648803711ì´ˆ
API ì‘ë‹µ ì‹œê°„: 0.9518909454345703ì´ˆ
API ì‘ë‹µ ì‹œê°„: 0.7928421497344971ì´ˆ
API ì‘ë‹µ ì‹œê°„: 0.8767988681793213ì´ˆ
API ì‘ë‹µ ì‹œê°„: 0.6960761547088623ì´ˆ
API ì‘ë‹µ ì‹œê°„: 0.9886460304260254ì´ˆ
API ì‘ë‹µ ì‹œê°„: 0.8929529190063477ì´ˆ
API ì‘ë‹µ ì‹œê°„: 0.7428662776947021ì´ˆ
API ì‘ë‹µ ì‹œê°„: 0.7931418418884277ì´ˆ
API ì‘ë‹µ ì‹œê°„: 0.8116719722747803ì´ˆ
API ì‘ë‹µ ì‹œê°„: 0.8992369174957275ì´ˆ
API ì‘ë‹µ ì‹œê°„: 4.4399189949035645ì´ˆ
API ì‘ë‹µ ì‹œê°„: 0.7957210540771484ì´ˆ
API ì‘ë‹µ ì‹œê°„: 0.865117073059082ì´ˆ
API ì‘ë‹µ ì‹œê°„: 0.8473460674285889ì´ˆ
API ì‘ë‹µ ì‹œê°„: 0.7386720180511475ì´ˆ
API ì‘ë‹µ ì‹œê°„: 0.6992237567901611ì´ˆ
API ì‘ë‹µ ì‹œê°„: 1.0017929077148438ì´ˆ
API ì‘ë‹µ ì‹œê°„: 0.7242560386657715ì´ˆ
API ì‘ë‹µ ì‹œê°„: 0.7702009677886963ì´ˆ
API ì‘ë‹µ ì‹œê°„: 0.9577121734619141ì´ˆ
API ì‘ë‹µ ì‹œê°„: 1.5105271339416504ì´ˆ
API ì‘ë‹µ ì‹œê°„: 0.8397037982940674ì´ˆ
API ì‘ë‹µ ì‹œê°„: 0.9367742538452148ì´ˆ
API ì‘ë‹µ ì‹œê°„: 0.7905580997467041ì´ˆ
API ì‘ë‹µ ì‹œê°„: 0.7634758949279785ì´ˆ
API ì‘ë‹µ ì‹œê°„: 0.7411410808563232ì´ˆ
API ì‘ë‹µ ì‹œê°„: 0.9188799858093262ì´ˆ
API ì‘ë‹µ ì‹œê°„: 0.9568228721618652ì´ˆ
API ì‘ë‹µ ì‹œê°„: 0.7290918827056885ì´ˆ
API ì‘ë‹µ ì‹œê°„: 0.796177864074707ì´ˆ
API ì‘ë‹µ ì‹œê°„: 0.8197460174560547ì´ˆ
API ì‘ë‹µ ì‹œê°„: 0.781984806060791ì´ˆ
API ì‘ë‹µ ì‹œê°„: 0.8500452041625977ì´ˆ
API ì‘ë‹µ ì‹œê°„: 0.7398478984832764ì´ˆ
API ì‘ë‹µ ì‹œê°„: 0.9284677505493164ì´ˆ
API ì‘ë‹µ ì‹œê°„: 0.7653000354766846ì´ˆ
API ì‘ë‹µ ì‹œê°„: 1.0900781154632568ì´ˆ
API ì‘ë‹µ ì‹œê°„: 0.7163152694702148ì´ˆ
API ì‘ë‹µ ì‹œê°„: 0.7776241302490234ì´ˆ
API ì‘ë‹µ ì‹œê°„: 0.7361149787902832ì´ˆ
API ì‘ë‹µ ì‹œê°„: 0.7463600635528564ì´ˆ
API ì‘ë‹µ ì‹œê°„: 0.7932019233703613ì´ˆ
API ì‘ë‹µ ì‹œê°„: 0.7688679695129395ì´ˆ
API ì‘ë‹µ ì‹œê°„: 0.8884060382843018ì´ˆ
API ì‘ë‹µ ì‹œê°„: 0.717642068862915ì´ˆ
API ì‘ë‹µ ì‹œê°„: 0.7811257839202881ì´ˆ
API ì‘ë‹µ ì‹œê°„: 1.590245008468628ì´ˆ
API ì‘ë‹µ ì‹œê°„: 0.8274281024932861ì´ˆ
API ì‘ë‹µ ì‹œê°„: 0.9022810459136963ì´ˆ
API ì‘ë‹µ ì‹œê°„: 0.8458921909332275ì´ˆ
API ì‘ë‹µ ì‹œê°„: 0.9145069122314453ì´ˆ
API ì‘ë‹µ ì‹œê°„: 0.7662990093231201ì´ˆ
API ì‘ë‹µ ì‹œê°„: 0.7616751194000244ì´ˆ
API ì‘ë‹µ ì‹œê°„: 0.8707230091094971ì´ˆ
API ì‘ë‹µ ì‹œê°„: 0.7027649879455566ì´ˆ
API ì‘ë‹µ ì‹œê°„: 0.7728729248046875ì´ˆ
API ì‘ë‹µ ì‹œê°„: 0.9892311096191406ì´ˆ
API ì‘ë‹µ ì‹œê°„: 0.7032489776611328ì´ˆ
API ì‘ë‹µ ì‹œê°„: 0.8624348640441895ì´ˆ
API ì‘ë‹µ ì‹œê°„: 0.8413832187652588ì´ˆ
API ì‘ë‹µ ì‹œê°„: 0.7042441368103027ì´ˆ
API ì‘ë‹µ ì‹œê°„: 0.7008769512176514ì´ˆ
API ì‘ë‹µ ì‹œê°„: 0.9952518939971924ì´ˆ
API ì‘ë‹µ ì‹œê°„: 0.8068509101867676ì´ˆ
API ì‘ë‹µ ì‹œê°„: 0.8116998672485352ì´ˆ
API ì‘ë‹µ ì‹œê°„: 0.8670520782470703ì´ˆ
API ì‘ë‹µ ì‹œê°„: 0.8570499420166016ì´ˆ
API ì‘ë‹µ ì‹œê°„: 0.7621572017669678ì´ˆ
API ì‘ë‹µ ì‹œê°„: 0.9042329788208008ì´ˆ
API ì‘ë‹µ ì‹œê°„: 0.7150280475616455ì´ˆ
API ì‘ë‹µ ì‹œê°„: 0.8765621185302734ì´ˆ
API ì‘ë‹µ ì‹œê°„: 0.7703433036804199ì´ˆ
API ì‘ë‹µ ì‹œê°„: 0.8854451179504395ì´ˆ
API ì‘ë‹µ ì‹œê°„: 0.8747057914733887ì´ˆ
API ì‘ë‹µ ì‹œê°„: 0.8346908092498779ì´ˆ
API ì‘ë‹µ ì‹œê°„: 0.8408029079437256ì´ˆ
API ì‘ë‹µ ì‹œê°„: 0.7655489444732666ì´ˆ
API ì‘ë‹µ ì‹œê°„: 0.7516570091247559ì´ˆ
API ì‘ë‹µ ì‹œê°„: 5.209676027297974ì´ˆ
API ì‘ë‹µ ì‹œê°„: 0.8502919673919678ì´ˆ
API ì‘ë‹µ ì‹œê°„: 0.8717098236083984ì´ˆ
API ì‘ë‹µ ì‹œê°„: 0.8427670001983643ì´ˆ
API ì‘ë‹µ ì‹œê°„: 0.9761919975280762ì´ˆ
API ì‘ë‹µ ì‹œê°„: 0.8106560707092285ì´ˆ
API ì‘ë‹µ ì‹œê°„: 0.7874140739440918ì´ˆ
API ì‘ë‹µ ì‹œê°„: 0.8688678741455078ì´ˆ
API ì‘ë‹µ ì‹œê°„: 0.9725890159606934ì´ˆ
API ì‘ë‹µ ì‹œê°„: 0.7801978588104248ì´ˆ
API ì‘ë‹µ ì‹œê°„: 0.955470085144043ì´ˆ
API ì‘ë‹µ ì‹œê°„: 0.9938628673553467ì´ˆ
API ì‘ë‹µ ì‹œê°„: 0.7283179759979248ì´ˆ
API ì‘ë‹µ ì‹œê°„: 0.9186339378356934ì´ˆ
API ì‘ë‹µ ì‹œê°„: 1.4963810443878174ì´ˆ
API ì‘ë‹µ ì‹œê°„: 0.8062379360198975ì´ˆ
API ì‘ë‹µ ì‹œê°„: 0.8227880001068115ì´ˆ
API ì‘ë‹µ ì‹œê°„: 0.8340680599212646ì´ˆ
API ì‘ë‹µ ì‹œê°„: 0.9504919052124023ì´ˆ
API ì‘ë‹µ ì‹œê°„: 1.714893102645874ì´ˆ
API ì‘ë‹µ ì‹œê°„: 0.7766327857971191ì´ˆ
API ì‘ë‹µ ì‹œê°„: 0.9677748680114746ì´ˆ
API ì‘ë‹µ ì‹œê°„: 0.7571430206298828ì´ˆ
API ì‘ë‹µ ì‹œê°„: 0.8208277225494385ì´ˆ
API ì‘ë‹µ ì‹œê°„: 0.9393730163574219ì´ˆ
API ì‘ë‹µ ì‹œê°„: 0.9120850563049316ì´ˆ
API ì‘ë‹µ ì‹œê°„: 0.8127968311309814ì´ˆ
API ì‘ë‹µ ì‹œê°„: 0.7806210517883301ì´ˆ
API ì‘ë‹µ ì‹œê°„: 1.0051298141479492ì´ˆ
API ì‘ë‹µ ì‹œê°„: 1.0225536823272705ì´ˆ
API ì‘ë‹µ ì‹œê°„: 0.7069723606109619ì´ˆ
API ì‘ë‹µ ì‹œê°„: 0.9369821548461914ì´ˆ
API ì‘ë‹µ ì‹œê°„: 2.4028470516204834ì´ˆ
API ì‘ë‹µ ì‹œê°„: 0.7740490436553955ì´ˆ
API ì‘ë‹µ ì‹œê°„: 0.760047197341919ì´ˆ
API ì‘ë‹µ ì‹œê°„: 0.7531797885894775ì´ˆ
API ì‘ë‹µ ì‹œê°„: 0.849586009979248ì´ˆ
API ì‘ë‹µ ì‹œê°„: 0.7338616847991943ì´ˆ
API ì‘ë‹µ ì‹œê°„: 0.9221630096435547ì´ˆ
API ì‘ë‹µ ì‹œê°„: 0.8726730346679688ì´ˆ
API ì‘ë‹µ ì‹œê°„: 1.0812499523162842ì´ˆ
API ì‘ë‹µ ì‹œê°„: 0.8424060344696045ì´ˆ
API ì‘ë‹µ ì‹œê°„: 0.7841768264770508ì´ˆ
API ì‘ë‹µ ì‹œê°„: 1.1170837879180908ì´ˆ
API ì‘ë‹µ ì‹œê°„: 1.105743169784546ì´ˆ
API ì‘ë‹µ ì‹œê°„: 1.0438530445098877ì´ˆ
API ì‘ë‹µ ì‹œê°„: 0.8057608604431152ì´ˆ
API ì‘ë‹µ ì‹œê°„: 0.834064245223999ì´ˆ
API ì‘ë‹µ ì‹œê°„: 0.8155760765075684ì´ˆ
API ì‘ë‹µ ì‹œê°„: 0.7257909774780273ì´ˆ
API ì‘ë‹µ ì‹œê°„: 0.7382242679595947ì´ˆ
API ì‘ë‹µ ì‹œê°„: 0.8884928226470947ì´ˆ
API ì‘ë‹µ ì‹œê°„: 0.7979671955108643ì´ˆ
API ì‘ë‹µ ì‹œê°„: 0.8975660800933838ì´ˆ
Traceback (most recent call last):
  File "/Users/hyeyeon/Desktop/quiz/quiz/lib/python3.10/site-packages/urllib3/connectionpool.py", line 789, in urlopen
    response = self._make_request(
  File "/Users/hyeyeon/Desktop/quiz/quiz/lib/python3.10/site-packages/urllib3/connectionpool.py", line 536, in _make_request
    response = conn.getresponse()
  File "/Users/hyeyeon/Desktop/quiz/quiz/lib/python3.10/site-packages/urllib3/connection.py", line 507, in getresponse
    httplib_response = super().getresponse()
  File "/Users/hyeyeon/.pyenv/versions/3.10.12/lib/python3.10/http/client.py", line 1375, in getresponse
    response.begin()
  File "/Users/hyeyeon/.pyenv/versions/3.10.12/lib/python3.10/http/client.py", line 318, in begin
    version, status, reason = self._read_status()
  File "/Users/hyeyeon/.pyenv/versions/3.10.12/lib/python3.10/http/client.py", line 287, in _read_status
    raise RemoteDisconnected("Remote end closed connection without"
http.client.RemoteDisconnected: Remote end closed connection without response

During handling of the above exception, another exception occurred:

Traceback (most recent call last):
  File "/Users/hyeyeon/Desktop/quiz/quiz/lib/python3.10/site-packages/requests/adapters.py", line 667, in send
    resp = conn.urlopen(
  File "/Users/hyeyeon/Desktop/quiz/quiz/lib/python3.10/site-packages/urllib3/connectionpool.py", line 843, in urlopen
    retries = retries.increment(
  File "/Users/hyeyeon/Desktop/quiz/quiz/lib/python3.10/site-packages/urllib3/util/retry.py", line 474, in increment
    raise reraise(type(error), error, _stacktrace)
  File "/Users/hyeyeon/Desktop/quiz/quiz/lib/python3.10/site-packages/urllib3/util/util.py", line 38, in reraise
    raise value.with_traceback(tb)
  File "/Users/hyeyeon/Desktop/quiz/quiz/lib/python3.10/site-packages/urllib3/connectionpool.py", line 789, in urlopen
    response = self._make_request(
  File "/Users/hyeyeon/Desktop/quiz/quiz/lib/python3.10/site-packages/urllib3/connectionpool.py", line 536, in _make_request
    response = conn.getresponse()
  File "/Users/hyeyeon/Desktop/quiz/quiz/lib/python3.10/site-packages/urllib3/connection.py", line 507, in getresponse
    httplib_response = super().getresponse()
  File "/Users/hyeyeon/.pyenv/versions/3.10.12/lib/python3.10/http/client.py", line 1375, in getresponse
    response.begin()
  File "/Users/hyeyeon/.pyenv/versions/3.10.12/lib/python3.10/http/client.py", line 318, in begin
    version, status, reason = self._read_status()
  File "/Users/hyeyeon/.pyenv/versions/3.10.12/lib/python3.10/http/client.py", line 287, in _read_status
    raise RemoteDisconnected("Remote end closed connection without"
urllib3.exceptions.ProtocolError: ('Connection aborted.', RemoteDisconnected('Remote end closed connection without response'))

During handling of the above exception, another exception occurred:

Traceback (most recent call last):
  File "/Users/hyeyeon/Desktop/quiz/quiz/lib/python3.10/site-packages/openai/api_requestor.py", line 596, in request_raw
    result = _thread_context.session.request(
  File "/Users/hyeyeon/Desktop/quiz/quiz/lib/python3.10/site-packages/requests/sessions.py", line 589, in request
    resp = self.send(prep, **send_kwargs)
  File "/Users/hyeyeon/Desktop/quiz/quiz/lib/python3.10/site-packages/requests/sessions.py", line 703, in send
    r = adapter.send(request, **kwargs)
  File "/Users/hyeyeon/Desktop/quiz/quiz/lib/python3.10/site-packages/requests/adapters.py", line 682, in send
    raise ConnectionError(err, request=request)
requests.exceptions.ConnectionError: ('Connection aborted.', RemoteDisconnected('Remote end closed connection without response'))

The above exception was the direct cause of the following exception:

Traceback (most recent call last):
  File "/Users/hyeyeon/Desktop/quiz/mongodb.py", line 129, in <module>
    generate_quizzes_cron()
  File "/Users/hyeyeon/Desktop/quiz/mongodb.py", line 100, in generate_quizzes_cron
    question, answer = generate_quiz(existing_questions_embeddings)
  File "/Users/hyeyeon/Desktop/quiz/mongodb.py", line 53, in generate_quiz
    response = openai.ChatCompletion.create(
  File "/Users/hyeyeon/Desktop/quiz/quiz/lib/python3.10/site-packages/openai/api_resources/chat_completion.py", line 25, in create
    return super().create(*args, **kwargs)
  File "/Users/hyeyeon/Desktop/quiz/quiz/lib/python3.10/site-packages/openai/api_resources/abstract/engine_api_resource.py", line 153, in create
    response, _, api_key = requestor.request(
  File "/Users/hyeyeon/Desktop/quiz/quiz/lib/python3.10/site-packages/openai/api_requestor.py", line 288, in request
    result = self.request_raw(
  File "/Users/hyeyeon/Desktop/quiz/quiz/lib/python3.10/site-packages/openai/api_requestor.py", line 609, in request_raw
    raise error.APIConnectionError(
openai.error.APIConnectionError: Error communicating with OpenAI: ('Connection aborted.', RemoteDisconnected('Remote end closed connection without response'))
Script finished at Thu Dec 26 10:51:19 KST 2024
Script started at Thu Dec 26 10:56:00 KST 2024
Virtual environment activated
2024-12-26
ì˜¤ëŠ˜ì˜ í€´ì¦ˆ 10ë¬¸ì œê°€ ìƒì„±ë˜ì—ˆìŠµë‹ˆë‹¤.
Script finished at Thu Dec 26 10:56:10 KST 2024
Script started at Fri Dec 27 10:56:00 KST 2024
Virtual environment activated
2024-12-27
ì˜¤ëŠ˜ì˜ í€´ì¦ˆ 10ë¬¸ì œê°€ ìƒì„±ë˜ì—ˆìŠµë‹ˆë‹¤.
Script finished at Fri Dec 27 10:56:12 KST 2024
